2017-09-21 14:43:14, - [FAILED] FIMMDA_CD_DAILY_25112016.csv was unsuccesfull
2017-09-21 14:44:08, - [FAILED] FIMMDA_PAR SPREAD_DAILY_25112016.csv was unsuccesfull
2017-09-21 14:51:02, - [FAILED] FIMMDA_PAR SPREAD_DAILY_25112016.csv was unsuccesfull
2017-09-21 15:01:17, - [FAILED] FIMMDA_PAR SPREAD_DAILY_25112016.csv was unsuccesfull
2017-09-21 15:02:51, - [FAILED] FIMMDA_ZERO SPREAD_DAILY_25112016.csv was unsuccesfull
2017-09-21 15:37:36, - [FAILED] FIMMDA_PAR SPREAD_DAILY_25112016.csv was unsuccesfull
2017-09-21 15:38:54, - [FAILED] FIMMDA_PAR SPREAD_DAILY_25112016.csv was unsuccesfull
2017-09-21 15:39:15, - [FAILED] FIMMDA_PAR SPREAD_DAILY_25112016.csv was unsuccesfull
2017-09-21 15:44:46, - [FAILED] FIMMDA_PAR SPREAD_DAILY_25112016.csv was unsuccesfull
2017-09-21 15:47:50, - [FAILED] FIMMDA_PAR SPREAD_DAILY_25112016.csv was unsuccesfull
2017-09-21 15:49:29, - [FAILED] FIMMDA_PAR SPREAD_DAILY_25112016.csv was unsuccesfull
2017-09-21 15:50:48, - [FAILED] FIMMDA_ZERO SPREAD_DAILY_25112016.csv was unsuccesfull
2017-09-21 16:42:39, - [FAILED] FIMMDA_CP_DAILY_25112016.csv was unsuccesfull
2017-09-21 16:43:18, - [FAILED] FIMMDA_CP_DAILY_25112016.csv was unsuccesfull
2017-09-21 16:43:57, - [FAILED] FIMMDA_CP_DAILY_25112016.csv was unsuccesfull
2017-09-21 16:44:33, - [FAILED] FIMMDA_CD_DAILY_25112016.csv was unsuccesfull
2017-09-21 16:45:12, - [FAILED] FIMMDA_CD_DAILY_25112016.csv was unsuccesfull
2017-09-21 16:46:13, - [FAILED] FIMMDA_CD_DAILY_25112016.csv was unsuccesfull
2017-09-21 16:46:52, - [FAILED] FIMMDA_CD_DAILY_25112016.csv was unsuccesfull
2017-09-21 16:48:13, - [FAILED] FIMMDA_CD_DAILY_25112016.csv was unsuccesfull
2017-09-21 16:50:44, - [FAILED] FIMMDA_CD_DAILY_25112016.csv was unsuccesfull
2017-09-21 16:56:07, - [FAILED] FIMMDA_CD_DAILY_25112016.csv was unsuccesfull
2017-09-21 16:56:09, - [FAILED] FIMMDA_CD_DAILY_EMPTY.csv was unsuccesfull
2017-09-21 16:56:14, - [FAILED] FIMMDA_CP_DAILY_25112016.csv was unsuccesfull
2017-09-21 16:56:18, - [FAILED] FIMMDA_PAR SPREAD_DAILY_25112016.csv was unsuccesfull
2017-09-21 16:56:22, - [FAILED] FIMMDA_PAR_YIELD_DAILY_25112016.csv was unsuccesfull
2017-09-21 16:56:26, - [FAILED] FIMMDA_TBILL_DAILY_25112016.csv was unsuccesfull
2017-09-21 16:56:28, - [FAILED] FIMMDA_WRONG_FILE.csv was unsuccesfull
2017-09-21 16:56:32, - [FAILED] FIMMDA_ZERO CURVE_ZCYC_DAILY_25112016.csv was unsuccesfull
2017-09-21 16:56:37, - [FAILED] FIMMDA_ZERO SPREAD_DAILY_25112016.csv was unsuccesfull
2017-09-21 16:56:41, - [FAILED] FIMMDA_ZERO SPREAD_DAILY_EXCEPTION.csv was unsuccesfull
2017-09-21 17:01:36, - [FAILED] FIMMDA_CD_DAILY_EMPTY.csv was unsuccesfull
2017-09-21 17:01:40, - [FAILED] FIMMDA_CD_DAILY_TODAY.csv was unsuccesfull
2017-09-21 17:01:44, - [FAILED] FIMMDA_CP_DAILY_TODAY.csv was unsuccesfull
2017-09-21 17:01:48, - [FAILED] FIMMDA_PAR_SPREAD_DAILY_TODAY.csv was unsuccesfull
2017-09-21 17:01:52, - [FAILED] FIMMDA_PAR_YIELD_DAILY_TODAY.csv was unsuccesfull
2017-09-21 17:01:55, - [FAILED] FIMMDA_TBILL_DAILY_TODAY.csv was unsuccesfull
2017-09-21 17:01:57, - [FAILED] FIMMDA_WRONG_FILE.csv was unsuccesfull
2017-09-21 17:02:02, - [FAILED] FIMMDA_ZERO_CURVE_ZCYC_DAILY_TODAY.csv was unsuccesfull
2017-09-21 17:02:06, - [FAILED] FIMMDA_ZERO_SPREAD_DAILY_EXCEPTION.csv was unsuccesfull
2017-09-21 17:02:10, - [FAILED] FIMMDA_ZERO_SPREAD_DAILY_TODAY.csv was unsuccesfull
