2017-06-26 10:27:17, - Start looping and transforming all the files
2017-06-26 10:27:17, - Searching input file in  ./input/
2017-06-26 10:27:18, - calling the transformation module
2017-06-26 10:27:19, - Searching output file in  ./output/
2017-06-26 10:27:20, - Moving RTSH_MUREX_EOD-DATA_TODAY.csv to mdit folder ../
2017-06-26 10:27:20, - Executing MDIT
2017-06-26 10:27:21, - [FAILED] FIMMDA_CD_DAILY_25112016.csv was unsuccesfull
2017-06-26 10:27:21, - calling the transformation module
2017-06-26 10:27:22, - [FAILED] FIMMDA_CD_DAILY_EMPTY.csv was unsuccesfull
2017-06-26 10:27:23, - Searching output file in  ./output/
2017-06-26 10:27:23, - calling the transformation module
2017-06-26 10:27:24, - Searching output file in  ./output/
2017-06-26 10:27:25, - Moving RTSH_MUREX_EOD-DATA_TODAY.csv to mdit folder ../
2017-06-26 10:27:25, - Executing MDIT
2017-06-26 10:27:26, - [FAILED] FIMMDA_CP_DAILY_25112016.csv was unsuccesfull
2017-06-26 10:27:26, - calling the transformation module
2017-06-26 10:27:27, - Searching output file in  ./output/
2017-06-26 10:27:28, - Moving BDSC_MUREX_EOD-DATA_TODAY.csv to mdit folder ../
2017-06-26 10:27:28, - Executing MDIT
2017-06-26 10:27:29, - [FAILED] FIMMDA_PAR SPREAD_DAILY_25112016.csv was unsuccesfull
2017-06-26 10:27:30, - calling the transformation module
2017-06-26 10:27:30, - Searching output file in  ./output/
2017-06-26 10:27:31, - Moving RTSH_MUREX_EOD-DATA_TODAY.csv to mdit folder ../
2017-06-26 10:27:31, - Executing MDIT
2017-06-26 10:27:32, - [FAILED] FIMMDA_PAR_YIELD_DAILY_25112016.csv was unsuccesfull
2017-06-26 10:27:33, - calling the transformation module
2017-06-26 10:27:34, - Searching output file in  ./output/
2017-06-26 10:27:34, - Moving RTSH_MUREX_EOD-DATA_TODAY.csv to mdit folder ../
2017-06-26 10:27:34, - Executing MDIT
2017-06-26 10:27:35, - [FAILED] FIMMDA_TBILL_DAILY_25112016.csv was unsuccesfull
2017-06-26 10:27:36, - calling the transformation module
2017-06-26 10:27:36, - [FAILED] FIMMDA_WRONG_FILE.csv was unsuccesfull
2017-06-26 10:27:37, - Searching output file in  ./output/
2017-06-26 10:27:37, - calling the transformation module
2017-06-26 10:27:38, - Searching output file in  ./output/
2017-06-26 10:27:39, - Moving RTSH_MUREX_EOD-DATA_TODAY.csv to mdit folder ../
2017-06-26 10:27:39, - Executing MDIT
2017-06-26 10:27:40, - [FAILED] FIMMDA_ZERO CURVE_ZCYC_DAILY_25112016.csv was unsuccesfull
2017-06-26 10:27:40, - calling the transformation module
2017-06-26 10:27:42, - Searching output file in  ./output/
2017-06-26 10:27:42, - Moving BDSC_MUREX_EOD-DATA_TODAY.csv to mdit folder ../
2017-06-26 10:27:43, - Executing MDIT
2017-06-26 10:27:43, - [FAILED] FIMMDA_ZERO SPREAD_DAILY_25112016.csv was unsuccesfull
